  scene.c
  objects.c
d:\documents\protocolec\protocolec\objects.c(8): warning C4244: 'initialisation' : conversion de 'double' en 'int', perte possible de données
d:\documents\protocolec\protocolec\objects.c(9): warning C4244: 'initialisation' : conversion de 'double' en 'int', perte possible de données
d:\documents\protocolec\protocolec\objects.c(10): warning C4244: 'initialisation' : conversion de 'double' en 'int', perte possible de données
d:\documents\protocolec\protocolec\objects.c(11): warning C4244: 'initialisation' : conversion de 'double' en 'int', perte possible de données
d:\documents\protocolec\protocolec\objects.c(7): warning C4101: 'z' : variable locale non référencée
d:\documents\protocolec\protocolec\objects.c(7): warning C4101: 'y' : variable locale non référencée
d:\documents\protocolec\protocolec\objects.c(7): warning C4101: 'x' : variable locale non référencée
d:\documents\protocolec\protocolec\objects.c(34): warning C4244: 'initialisation' : conversion de 'double' en 'float', perte possible de données
  main.c
d:\documents\protocolec\protocolec\mathc.c(27): warning C4204: extension non standard utilisée : initialiseur d'agrégat non constant
d:\documents\protocolec\protocolec\main.c(36): warning C4013: 'strcmp' non défini(e) ; extern retournant int pris par défaut
d:\documents\protocolec\protocolec\main.c(37): warning C4244: 'fonction' : conversion de 'double' en 'int', perte possible de données
d:\documents\protocolec\protocolec\main.c(69): warning C4013: 'exportIMG' non défini(e) ; extern retournant int pris par défaut
  light.c
  file.c
  camera.c
  Génération de code en cours...
d:\documents\protocolec\protocolec\file.c(43): warning C4701: variable locale 'scene' potentiellement non initialisée utilisée
d:\documents\protocolec\protocolec\main.c(42): warning C4701: variable locale 'tempIntersect' potentiellement non initialisée utilisée
  ProtocoleC.vcxproj -> D:\Documents\ProtocoleC\ProtocoleC\x64\Debug\ProtocoleC.exe
